Repository Initialized.
Sun Mar 29 08:31:53 UTC 2026 - Heartbeat: 26846
Mon Mar 30 09:03:17 UTC 2026 - Heartbeat: 9130
Tue Mar 31 08:46:20 UTC 2026 - Heartbeat: 1612
Wed Apr  1 08:54:26 UTC 2026 - Heartbeat: 23540
Thu Apr  2 08:44:50 UTC 2026 - Heartbeat: 27039
Fri Apr  3 08:42:00 UTC 2026 - Heartbeat: 29507
Sat Apr  4 08:30:27 UTC 2026 - Heartbeat: 7865
Sun Apr  5 08:33:24 UTC 2026 - Heartbeat: 26203
Mon Apr  6 09:00:54 UTC 2026 - Heartbeat: 24749
Tue Apr  7 08:52:46 UTC 2026 - Heartbeat: 12776
Wed Apr  8 08:52:16 UTC 2026 - Heartbeat: 13329
Thu Apr  9 09:02:12 UTC 2026 - Heartbeat: 24456
Fri Apr 10 08:59:25 UTC 2026 - Heartbeat: 28214
Sat Apr 11 08:32:21 UTC 2026 - Heartbeat: 13963
Sun Apr 12 08:37:28 UTC 2026 - Heartbeat: 7957
Mon Apr 13 09:27:37 UTC 2026 - Heartbeat: 25442
Tue Apr 14 09:09:13 UTC 2026 - Heartbeat: 29022
Wed Apr 15 09:10:07 UTC 2026 - Heartbeat: 13177
Thu Apr 16 09:09:07 UTC 2026 - Heartbeat: 20376
Fri Apr 17 09:08:24 UTC 2026 - Heartbeat: 23877
Sat Apr 18 08:37:59 UTC 2026 - Intensity Pulse: 4715
Sat Apr 18 08:37:59 UTC 2026 - Intensity Pulse: 13669
Sat Apr 18 08:37:59 UTC 2026 - Intensity Pulse: 12303
Sat Apr 18 08:37:59 UTC 2026 - Intensity Pulse: 20752
Sat Apr 18 08:37:59 UTC 2026 - Intensity Pulse: 17051
Sat Apr 18 08:37:59 UTC 2026 - Intensity Pulse: 11565
Sat Apr 18 08:37:59 UTC 2026 - Intensity Pulse: 26181
Sat Apr 18 08:37:59 UTC 2026 - Intensity Pulse: 20313
Sat Apr 18 08:37:59 UTC 2026 - Intensity Pulse: 514
Sat Apr 18 08:37:59 UTC 2026 - Intensity Pulse: 22094
Sun Apr 19 08:42:39 UTC 2026 - Intensity Pulse: 22345
Sun Apr 19 08:42:39 UTC 2026 - Intensity Pulse: 30351
